<?xml version="1.0" encoding="UTF-8"?>
<TestRun id="12f151f6-6890-47c9-9616-4608bf9f4cac" name="admin@ADMIN-PC 2013-09-09 20:58:41" runUser="admin-PC\admin" xmlns="http://microsoft.com/schemas/VisualStudio/TeamTest/2010">
  <TestSettings name="Local" id="04097415-52e7-4b0e-a29a-4a41a0d38cb7">
    <Description>These are default test settings for a local test run.</Description>
    <Deployment enabled="false" runDeploymentRoot="admin_ADMIN-PC 2013-09-09 20_58_41" />
    <Execution>
      <TestTypeSpecific />
      <AgentRule name="Execution Agents">
      </AgentRule>
    </Execution>
  </TestSettings>
  <Times creation="2013-09-09T20:58:41.9279509+05:30" queuing="2013-09-09T20:58:48.7583416+05:30" start="2013-09-09T20:58:49.1743654+05:30" finish="2013-09-09T20:58:53.6516215+05:30" />
  <ResultSummary outcome="Completed">
    <Counters total="1" executed="1" passed="1" error="0" failed="0" timeout="0" aborted="0" inconclusive="0" passedButRunAborted="0" notRunnable="0" notExecuted="0" disconnected="0" warning="0" completed="0" inProgress="0" pending="0" />
  </ResultSummary>
  <TestDefinitions>
    <UnitTest name="TestMethod1" storage="c:\users\admin\documents\visual studio 2010\projects\webservicescall\webservicescall\bin\debug\webservicescall.dll" id="56f05cb0-c934-251e-78d4-61e9b4a30b4a">
      <Execution id="65c05bbf-aaad-45e6-97f3-25808789b67f" />
      <TestMethod codeBase="C:/Users/admin/Documents/Visual Studio 2010/Projects/WebServicesCall/WebServicesCall/bin/Debug/WebServicesCall.DLL" adapterTypeName="Microsoft.VisualStudio.TestTools.TestTypes.Unit.UnitTestAdapter, Microsoft.VisualStudio.QualityTools.Tips.UnitTest.Adapter, Version=10.0.0.0, Culture=neutral, PublicKeyToken=b03f5f7f11d50a3a" className="WebServicesCall.UnitTest1, WebServicesCall, Version=1.0.0.0, Culture=neutral, PublicKeyToken=null" name="TestMethod1" />
    </UnitTest>
  </TestDefinitions>
  <TestLists>
    <TestList name="Results Not in a List" id="8c84fa94-04c1-424b-9868-57a2d4851a1d" />
    <TestList name="All Loaded Results" id="19431567-8539-422a-85d7-44ee4e166bda" />
  </TestLists>
  <TestEntries>
    <TestEntry testId="56f05cb0-c934-251e-78d4-61e9b4a30b4a" executionId="65c05bbf-aaad-45e6-97f3-25808789b67f" testListId="8c84fa94-04c1-424b-9868-57a2d4851a1d" />
  </TestEntries>
  <Results>
    <UnitTestResult executionId="65c05bbf-aaad-45e6-97f3-25808789b67f" testId="56f05cb0-c934-251e-78d4-61e9b4a30b4a" testName="TestMethod1" computerName="ADMIN-PC" duration="00:00:01.4455359" startTime="2013-09-09T20:58:49.2943722+05:30" endTime="2013-09-09T20:58:53.1605934+05:30" testType="13cdc9d9-ddb5-4fa4-a97d-d965ccfc6d4b" outcome="Passed" testListId="8c84fa94-04c1-424b-9868-57a2d4851a1d" relativeResultsDirectory="65c05bbf-aaad-45e6-97f3-25808789b67f">
      <Output>
        <StdOut>OK</StdOut>
      </Output>
    </UnitTestResult>
  </Results>
</TestRun>